<?xml version="1.0" encoding="UTF-8"?>
<!-- Generated by org.testng.reporters.JUnitReportReporter -->
<testsuite skipped="0" hostname="ARAVINDA-DELL-PERSONAL" name="com.ita.testng.HelloWorld" tests="3" failures="0" timestamp="03 Mar 2021 14:46:36 GMT" time="0.023" errors="0">
  <testcase name="createCustomer" time="0.017" classname="com.ita.testng.HelloWorld"/>
  <testcase name="createProject" time="0.004" classname="com.ita.testng.HelloWorld"/>
  <testcase name="login" time="0.002" classname="com.ita.testng.HelloWorld"/>
</testsuite> <!-- com.ita.testng.HelloWorld -->
