<?xml version="1.0" encoding="UTF-8"?>
<!-- Generated by org.testng.reporters.JUnitReportReporter -->
<testsuite skipped="0" hostname="ARAVINDA-DELL-PERSONAL" name="com.ita.testng.test.POMTest" tests="2" failures="0" timestamp="05 Mar 2021 16:46:19 GMT" time="22.032" errors="0">
  <testcase name="createCustomer" time="15.406" classname="com.ita.testng.test.POMTest"/>
  <testcase name="validLogin" time="6.626" classname="com.ita.testng.test.POMTest"/>
</testsuite> <!-- com.ita.testng.test.POMTest -->
