<?xml version="1.0" encoding="UTF-8"?>
<!-- Generated by org.testng.reporters.JUnitReportReporter -->
<testsuite skipped="0" hostname="ARAVINDA-DELL-PERSONAL" name="com.ita.testng.AllAnnotations" tests="2" failures="0" timestamp="03 Mar 2021 15:08:59 GMT" time="0.014" errors="0">
  <testcase name="launch" time="0.008" classname="com.ita.testng.AllAnnotations"/>
  <testcase name="login" time="0.006" classname="com.ita.testng.AllAnnotations"/>
</testsuite> <!-- com.ita.testng.AllAnnotations -->
