<?xml version="1.0" encoding="UTF-8"?>
<!-- Generated by org.testng.reporters.JUnitReportReporter -->
<testsuite skipped="0" hostname="ARAVINDA-DELL-PERSONAL" name="com.ita.testng.OrderOfExecutionUsingDependsOn" tests="9" failures="0" timestamp="03 Mar 2021 15:00:01 GMT" time="0.031" errors="0">
  <testcase name="login" time="0.016" classname="com.ita.testng.OrderOfExecutionUsingDependsOn"/>
  <testcase name="login" time="0.002" classname="com.ita.testng.OrderOfExecutionUsingDependsOn"/>
  <testcase name="login" time="0.002" classname="com.ita.testng.OrderOfExecutionUsingDependsOn"/>
  <testcase name="createCustomer" time="0.001" classname="com.ita.testng.OrderOfExecutionUsingDependsOn"/>
  <testcase name="createCustomer" time="0.002" classname="com.ita.testng.OrderOfExecutionUsingDependsOn"/>
  <testcase name="createCustomer" time="0.003" classname="com.ita.testng.OrderOfExecutionUsingDependsOn"/>
  <testcase name="createProject" time="0.001" classname="com.ita.testng.OrderOfExecutionUsingDependsOn"/>
  <testcase name="createProject" time="0.002" classname="com.ita.testng.OrderOfExecutionUsingDependsOn"/>
  <testcase name="createProject" time="0.002" classname="com.ita.testng.OrderOfExecutionUsingDependsOn"/>
</testsuite> <!-- com.ita.testng.OrderOfExecutionUsingDependsOn -->
