<?xml version="1.0" encoding="UTF-8"?>
<!-- Generated by org.testng.reporters.JUnitReportReporter -->
<testsuite skipped="0" hostname="ARAVINDA-DELL-PERSONAL" name="com.ita.testng.test.CreateCustomerUsingTestNG" tests="3" failures="0" timestamp="04 Mar 2021 15:05:31 GMT" time="20.159" errors="0">
  <testcase name="createcustomer" time="6.521" classname="com.ita.testng.test.CreateCustomerUsingTestNG"/>
  <testcase name="createcustomer" time="7.122" classname="com.ita.testng.test.CreateCustomerUsingTestNG"/>
  <testcase name="createcustomer" time="6.516" classname="com.ita.testng.test.CreateCustomerUsingTestNG"/>
</testsuite> <!-- com.ita.testng.test.CreateCustomerUsingTestNG -->
