<?xml version="1.0" encoding="UTF-8"?>
<!-- Generated by org.testng.reporters.JUnitReportReporter -->
<testsuite skipped="0" hostname="ARAVINDA-DELL-PERSONAL" name="com.ita.testng.test.AutoSuggestions" tests="1" failures="0" timestamp="04 Mar 2021 15:22:29 GMT" time="10.900" errors="0">
  <testcase name="printAllSuggestion" time="10.900" classname="com.ita.testng.test.AutoSuggestions"/>
</testsuite> <!-- com.ita.testng.test.AutoSuggestions -->
