<?xml version="1.0" encoding="UTF-8"?>
<!-- Generated by org.testng.reporters.JUnitReportReporter -->
<testsuite skipped="0" hostname="ARAVINDA-DELL-PERSONAL" name="com.ita.selenium.actitime.js.ScrollingToElement" tests="1" failures="0" timestamp="04 Mar 2021 15:52:03 GMT" time="13.995" errors="0">
  <testcase name="scrollingTest" time="13.995" classname="com.ita.selenium.actitime.js.ScrollingToElement"/>
</testsuite> <!-- com.ita.selenium.actitime.js.ScrollingToElement -->
