<?xml version="1.0" encoding="UTF-8"?>
<!-- Generated by org.testng.reporters.JUnitReportReporter -->
<testsuite skipped="0" hostname="ARAVINDA-DELL-PERSONAL" name="com.ita.testng.test.CreateCustomerUsingTestNG" tests="6" failures="0" timestamp="03 Mar 2021 16:08:35 GMT" time="40.273" errors="0">
  <testcase name="createcustomer" time="6.528" classname="com.ita.testng.test.CreateCustomerUsingTestNG"/>
  <testcase name="createcustomer" time="6.961" classname="com.ita.testng.test.CreateCustomerUsingTestNG"/>
  <testcase name="createcustomer" time="6.836" classname="com.ita.testng.test.CreateCustomerUsingTestNG"/>
  <testcase name="createcustomer" time="6.965" classname="com.ita.testng.test.CreateCustomerUsingTestNG"/>
  <testcase name="createcustomer" time="6.531" classname="com.ita.testng.test.CreateCustomerUsingTestNG"/>
  <testcase name="createcustomer" time="6.452" classname="com.ita.testng.test.CreateCustomerUsingTestNG"/>
</testsuite> <!-- com.ita.testng.test.CreateCustomerUsingTestNG -->
