<?xml version="1.0" encoding="UTF-8"?>
<!-- Generated by org.testng.reporters.JUnitReportReporter -->
<testsuite skipped="0" hostname="ARAVINDA-DELL-PERSONAL" name="com.ita.testng.GroupingTests" tests="2" failures="0" timestamp="03 Mar 2021 16:29:01 GMT" time="0.014" errors="0">
  <testcase name="swift" time="0.002" classname="com.ita.testng.GroupingTests"/>
  <testcase name="celtos" time="0.012" classname="com.ita.testng.GroupingTests"/>
</testsuite> <!-- com.ita.testng.GroupingTests -->
