<?xml version="1.0" encoding="UTF-8"?>
<!-- Generated by org.testng.reporters.JUnitReportReporter -->
<testsuite skipped="0" hostname="ARAVINDA-DELL-PERSONAL" name="com.ita.testng.DataProviderDemo" tests="2" failures="0" timestamp="03 Mar 2021 15:45:51 GMT" time="0.017" errors="0">
  <testcase name="f" time="0.014" classname="com.ita.testng.DataProviderDemo"/>
  <testcase name="f" time="0.003" classname="com.ita.testng.DataProviderDemo"/>
</testsuite> <!-- com.ita.testng.DataProviderDemo -->
