<?xml version="1.0" encoding="UTF-8"?>
<!-- Generated by org.testng.reporters.JUnitReportReporter -->
<testsuite skipped="0" hostname="ARAVINDA-DELL-PERSONAL" name="com.ita.testng.test.POMLoginTest" tests="1" failures="0" timestamp="05 Mar 2021 16:23:32 GMT" time="12.625" errors="0">
  <testcase name="validLogin" time="12.625" classname="com.ita.testng.test.POMLoginTest"/>
</testsuite> <!-- com.ita.testng.test.POMLoginTest -->
